# JRE version: OpenJDK Runtime Environment Temurin-21.0.11+10 (21.0.11+10) (build 21.0.11+10-LTS)
# Java VM: OpenJDK 64-Bit Server VM Temurin-21.0.11+10 (21.0.11+10-LTS, mixed mode, sharing, tiered, compressed oops, compressed class ptrs, parallel gc, windows-amd64)
GC Precious Log:
 CardTable entry size: 512
 CPUs: 12 total, 12 available
 Memory: 16024M
 Large Page Support: Disabled
 NUMA Support: Disabled
 Compressed Oops: Enabled (32-bit)
 Alignments: Space 512K, Generation 512K, Heap 2M
 Heap Min Capacity: 100M
 Heap Initial Capacity: 100M
 Heap Max Capacity: 2G
 Pre-touch: Disabled
 Parallel Workers: 10
Heap:
 PSYoungGen      total 3072K, used 2444K [0x00000000d5580000, 0x00000000d5980000, 0x0000000100000000)
  eden space 2560K, 82% used [0x00000000d5580000,0x00000000d5793068,0x00000000d5800000)
  from space 512K, 62% used [0x00000000d5900000,0x00000000d5950000,0x00000000d5980000)
  to   space 512K, 0% used [0x00000000d5880000,0x00000000d5880000,0x00000000d5900000)
 ParOldGen       total 545280K, used 470151K [0x0000000080000000, 0x00000000a1480000, 0x00000000d5580000)
  object space 545280K, 86% used [0x0000000080000000,0x000000009cb21c80,0x00000000a1480000)
 Metaspace       used 87451K, committed 89280K, reserved 1179648K
  class space    used 8910K, committed 9664K, reserved 1048576K
GC Heap History (20 events):
Event: 6985.595 GC heap before
{Heap before GC invocations=1406 (full 4):
 PSYoungGen      total 3072K, used 3071K [0x00000000d5580000, 0x00000000d5a00000, 0x0000000100000000)
  eden space 2560K, 99% used [0x00000000d5580000,0x00000000d57ffff8,0x00000000d5800000)
  from space 512K, 100% used [0x00000000d5880000,0x00000000d5900000,0x00000000d5900000)
  to   space 1024K, 0% used [0x00000000d5900000,0x00000000d5900000,0x00000000d5a00000)
 ParOldGen       total 545280K, used 466713K [0x0000000080000000, 0x00000000a1480000, 0x00000000d5580000)
  object space 545280K, 85% used [0x0000000080000000,0x000000009c7c67d0,0x00000000a1480000)
 Metaspace       used 85885K, committed 87680K, reserved 1179648K
  class space    used 8768K, committed 9536K, reserved 1048576K
}
Event: 6985.597 GC heap after
{Heap after GC invocations=1406 (full 4):
 PSYoungGen      total 3584K, used 774K [0x00000000d5580000, 0x00000000d5a00000, 0x0000000100000000)
  eden space 2560K, 0% used [0x00000000d5580000,0x00000000d5580000,0x00000000d5800000)
  from space 1024K, 75% used [0x00000000d5900000,0x00000000d59c1810,0x00000000d5a00000)
  to   space 1024K, 0% used [0x00000000d5800000,0x00000000d5800000,0x00000000d5900000)
 ParOldGen       total 545280K, used 467185K [0x0000000080000000, 0x00000000a1480000, 0x00000000d5580000)
  object space 545280K, 85% used [0x0000000080000000,0x000000009c83c7d0,0x00000000a1480000)
 Metaspace       used 85885K, committed 87680K, reserved 1179648K
  class space    used 8768K, committed 9536K, reserved 1048576K
}
Event: 6985.601 GC heap before
{Heap before GC invocations=1407 (full 4):
 PSYoungGen      total 3584K, used 3334K [0x00000000d5580000, 0x00000000d5a00000, 0x0000000100000000)
  eden space 2560K, 100% used [0x00000000d5580000,0x00000000d5800000,0x00000000d5800000)
  from space 1024K, 75% used [0x00000000d5900000,0x00000000d59c1810,0x00000000d5a00000)
  to   space 1024K, 0% used [0x00000000d5800000,0x00000000d5800000,0x00000000d5900000)
 ParOldGen       total 545280K, used 467185K [0x0000000080000000, 0x00000000a1480000, 0x00000000d5580000)
  object space 545280K, 85% used [0x0000000080000000,0x000000009c83c7d0,0x00000000a1480000)
 Metaspace       used 85931K, committed 87744K, reserved 1179648K
  class space    used 8773K, committed 9536K, reserved 1048576K
}
Event: 6985.602 GC heap after
{Heap after GC invocations=1407 (full 4):
 PSYoungGen      total 3584K, used 698K [0x00000000d5580000, 0x00000000d5a00000, 0x0000000100000000)
  eden space 2560K, 0% used [0x00000000d5580000,0x00000000d5580000,0x00000000d5800000)
  from space 1024K, 68% used [0x00000000d5800000,0x00000000d58ae900,0x00000000d5900000)
  to   space 1024K, 0% used [0x00000000d5900000,0x00000000d5900000,0x00000000d5a00000)
 ParOldGen       total 545280K, used 467673K [0x0000000080000000, 0x00000000a1480000, 0x00000000d5580000)
  object space 545280K, 85% used [0x0000000080000000,0x000000009c8b6778,0x00000000a1480000)
 Metaspace       used 85931K, committed 87744K, reserved 1179648K
  class space    used 8773K, committed 9536K, reserved 1048576K
}
Event: 6985.621 GC heap before
{Heap before GC invocations=1408 (full 4):
 PSYoungGen      total 3584K, used 3258K [0x00000000d5580000, 0x00000000d5a00000, 0x0000000100000000)
  eden space 2560K, 100% used [0x00000000d5580000,0x00000000d5800000,0x00000000d5800000)
  from space 1024K, 68% used [0x00000000d5800000,0x00000000d58ae900,0x00000000d5900000)
  to   space 1024K, 0% used [0x00000000d5900000,0x00000000d5900000,0x00000000d5a00000)
 ParOldGen       total 545280K, used 467673K [0x0000000080000000, 0x00000000a1480000, 0x00000000d5580000)
  object space 545280K, 85% used [0x0000000080000000,0x000000009c8b6778,0x00000000a1480000)
 Metaspace       used 85995K, committed 87808K, reserved 1179648K
  class space    used 8781K, committed 9536K, reserved 1048576K
}
Event: 6985.623 GC heap after
{Heap after GC invocations=1408 (full 4):
 PSYoungGen      total 3072K, used 384K [0x00000000d5580000, 0x00000000d5980000, 0x0000000100000000)
  eden space 2560K, 0% used [0x00000000d5580000,0x00000000d5580000,0x00000000d5800000)
  from space 512K, 75% used [0x00000000d5900000,0x00000000d5960000,0x00000000d5980000)
  to   space 512K, 0% used [0x00000000d5880000,0x00000000d5880000,0x00000000d5900000)
 ParOldGen       total 545280K, used 468262K [0x0000000080000000, 0x00000000a1480000, 0x00000000d5580000)
  object space 545280K, 85% used [0x0000000080000000,0x000000009c949988,0x00000000a1480000)
 Metaspace       used 85995K, committed 87808K, reserved 1179648K
  class space    used 8781K, committed 9536K, reserved 1048576K
}
Event: 6985.651 GC heap before
{Heap before GC invocations=1409 (full 4):
 PSYoungGen      total 3072K, used 2944K [0x00000000d5580000, 0x00000000d5980000, 0x0000000100000000)
  eden space 2560K, 100% used [0x00000000d5580000,0x00000000d5800000,0x00000000d5800000)
  from space 512K, 75% used [0x00000000d5900000,0x00000000d5960000,0x00000000d5980000)
  to   space 512K, 0% used [0x00000000d5880000,0x00000000d5880000,0x00000000d5900000)
 ParOldGen       total 545280K, used 468262K [0x0000000080000000, 0x00000000a1480000, 0x00000000d5580000)
  object space 545280K, 85% used [0x0000000080000000,0x000000009c949988,0x00000000a1480000)
 Metaspace       used 86001K, committed 87808K, reserved 1179648K
  class space    used 8781K, committed 9536K, reserved 1048576K
}
Event: 6985.652 GC heap after
{Heap after GC invocations=1409 (full 4):
 PSYoungGen      total 3072K, used 400K [0x00000000d5580000, 0x00000000d5980000, 0x0000000100000000)
  eden space 2560K, 0% used [0x00000000d5580000,0x00000000d5580000,0x00000000d5800000)
  from space 512K, 78% used [0x00000000d5880000,0x00000000d58e4010,0x00000000d5900000)
  to   space 512K, 0% used [0x00000000d5900000,0x00000000d5900000,0x00000000d5980000)
 ParOldGen       total 545280K, used 468462K [0x0000000080000000, 0x00000000a1480000, 0x00000000d5580000)
  object space 545280K, 85% used [0x0000000080000000,0x000000009c97b988,0x00000000a1480000)
 Metaspace       used 86001K, committed 87808K, reserved 1179648K
  class space    used 8781K, committed 9536K, reserved 1048576K
}
Event: 6985.676 GC heap before
{Heap before GC invocations=1410 (full 4):
 PSYoungGen      total 3072K, used 2959K [0x00000000d5580000, 0x00000000d5980000, 0x0000000100000000)
  eden space 2560K, 99% used [0x00000000d5580000,0x00000000d57ffe88,0x00000000d5800000)
  from space 512K, 78% used [0x00000000d5880000,0x00000000d58e4010,0x00000000d5900000)
  to   space 512K, 0% used [0x00000000d5900000,0x00000000d5900000,0x00000000d5980000)
 ParOldGen       total 545280K, used 468462K [0x0000000080000000, 0x00000000a1480000, 0x00000000d5580000)
  object space 545280K, 85% used [0x0000000080000000,0x000000009c97b988,0x00000000a1480000)
 Metaspace       used 86130K, committed 87936K, reserved 1179648K
  class space    used 8798K, committed 9536K, reserved 1048576K
}
Event: 6985.677 GC heap after
{Heap after GC invocations=1410 (full 4):
 PSYoungGen      total 3072K, used 256K [0x00000000d5580000, 0x00000000d5980000, 0x0000000100000000)
  eden space 2560K, 0% used [0x00000000d5580000,0x00000000d5580000,0x00000000d5800000)
  from space 512K, 50% used [0x00000000d5900000,0x00000000d5940000,0x00000000d5980000)
  to   space 512K, 0% used [0x00000000d5880000,0x00000000d5880000,0x00000000d5900000)
 ParOldGen       total 545280K, used 468694K [0x0000000080000000, 0x00000000a1480000, 0x00000000d5580000)
  object space 545280K, 85% used [0x0000000080000000,0x000000009c9b59a8,0x00000000a1480000)
 Metaspace       used 86130K, committed 87936K, reserved 1179648K
  class space    used 8798K, committed 9536K, reserved 1048576K
}
Event: 6985.692 GC heap before
{Heap before GC invocations=1411 (full 4):
 PSYoungGen      total 3072K, used 2816K [0x00000000d5580000, 0x00000000d5980000, 0x0000000100000000)
  eden space 2560K, 100% used [0x00000000d5580000,0x00000000d5800000,0x00000000d5800000)
  from space 512K, 50% used [0x00000000d5900000,0x00000000d5940000,0x00000000d5980000)
  to   space 512K, 0% used [0x00000000d5880000,0x00000000d5880000,0x00000000d5900000)
 ParOldGen       total 545280K, used 468694K [0x0000000080000000, 0x00000000a1480000, 0x00000000d5580000)
  object space 545280K, 85% used [0x0000000080000000,0x000000009c9b59a8,0x00000000a1480000)
 Metaspace       used 86217K, committed 88000K, reserved 1179648K
  class space    used 8806K, committed 9536K, reserved 1048576K
}
Event: 6985.694 GC heap after
{Heap after GC invocations=1411 (full 4):
 PSYoungGen      total 3072K, used 368K [0x00000000d5580000, 0x00000000d5980000, 0x0000000100000000)
  eden space 2560K, 0% used [0x00000000d5580000,0x00000000d5580000,0x00000000d5800000)
  from space 512K, 71% used [0x00000000d5880000,0x00000000d58dc010,0x00000000d5900000)
  to   space 512K, 0% used [0x00000000d5900000,0x00000000d5900000,0x00000000d5980000)
 ParOldGen       total 545280K, used 468798K [0x0000000080000000, 0x00000000a1480000, 0x00000000d5580000)
  object space 545280K, 85% used [0x0000000080000000,0x000000009c9cf9a8,0x00000000a1480000)
 Metaspace       used 86217K, committed 88000K, reserved 1179648K
  class space    used 8806K, committed 9536K, reserved 1048576K
}
Event: 6985.709 GC heap before
{Heap before GC invocations=1412 (full 4):
 PSYoungGen      total 3072K, used 2928K [0x00000000d5580000, 0x00000000d5980000, 0x0000000100000000)
  eden space 2560K, 100% used [0x00000000d5580000,0x00000000d5800000,0x00000000d5800000)
  from space 512K, 71% used [0x00000000d5880000,0x00000000d58dc010,0x00000000d5900000)
  to   space 512K, 0% used [0x00000000d5900000,0x00000000d5900000,0x00000000d5980000)
 ParOldGen       total 545280K, used 468798K [0x0000000080000000, 0x00000000a1480000, 0x00000000d5580000)
  object space 545280K, 85% used [0x0000000080000000,0x000000009c9cf9a8,0x00000000a1480000)
 Metaspace       used 86361K, committed 88192K, reserved 1179648K
  class space    used 8816K, committed 9600K, reserved 1048576K
}
Event: 6985.711 GC heap after
{Heap after GC invocations=1412 (full 4):
 PSYoungGen      total 3072K, used 512K [0x00000000d5580000, 0x00000000d5a00000, 0x0000000100000000)
  eden space 2560K, 0% used [0x00000000d5580000,0x00000000d5580000,0x00000000d5800000)
  from space 512K, 100% used [0x00000000d5900000,0x00000000d5980000,0x00000000d5980000)
  to   space 1024K, 0% used [0x00000000d5800000,0x00000000d5800000,0x00000000d5900000)
 ParOldGen       total 545280K, used 468990K [0x0000000080000000, 0x00000000a1480000, 0x00000000d5580000)
  object space 545280K, 86% used [0x0000000080000000,0x000000009c9ff9c8,0x00000000a1480000)
 Metaspace       used 86361K, committed 88192K, reserved 1179648K
  class space    used 8816K, committed 9600K, reserved 1048576K
}
Event: 6985.731 GC heap before
{Heap before GC invocations=1413 (full 4):
 PSYoungGen      total 3072K, used 3072K [0x00000000d5580000, 0x00000000d5a00000, 0x0000000100000000)
  eden space 2560K, 100% used [0x00000000d5580000,0x00000000d5800000,0x00000000d5800000)
  from space 512K, 100% used [0x00000000d5900000,0x00000000d5980000,0x00000000d5980000)
  to   space 1024K, 0% used [0x00000000d5800000,0x00000000d5800000,0x00000000d5900000)
 ParOldGen       total 545280K, used 468990K [0x0000000080000000, 0x00000000a1480000, 0x00000000d5580000)
  object space 545280K, 86% used [0x0000000080000000,0x000000009c9ff9c8,0x00000000a1480000)
 Metaspace       used 86488K, committed 88320K, reserved 1179648K
  class space    used 8824K, committed 9600K, reserved 1048576K
}
Event: 6985.733 GC heap after
{Heap after GC invocations=1413 (full 4):
 PSYoungGen      total 3584K, used 608K [0x00000000d5580000, 0x00000000d5a00000, 0x0000000100000000)
  eden space 2560K, 0% used [0x00000000d5580000,0x00000000d5580000,0x00000000d5800000)
  from space 1024K, 59% used [0x00000000d5800000,0x00000000d5898000,0x00000000d5900000)
  to   space 1024K, 0% used [0x00000000d5900000,0x00000000d5900000,0x00000000d5a00000)
 ParOldGen       total 545280K, used 469374K [0x0000000080000000, 0x00000000a1480000, 0x00000000d5580000)
  object space 545280K, 86% used [0x0000000080000000,0x000000009ca5f9d8,0x00000000a1480000)
 Metaspace       used 86488K, committed 88320K, reserved 1179648K
  class space    used 8824K, committed 9600K, reserved 1048576K
}
Event: 6985.751 GC heap before
{Heap before GC invocations=1414 (full 4):
 PSYoungGen      total 3584K, used 3153K [0x00000000d5580000, 0x00000000d5a00000, 0x0000000100000000)
  eden space 2560K, 99% used [0x00000000d5580000,0x00000000d57fc648,0x00000000d5800000)
  from space 1024K, 59% used [0x00000000d5800000,0x00000000d5898000,0x00000000d5900000)
  to   space 1024K, 0% used [0x00000000d5900000,0x00000000d5900000,0x00000000d5a00000)
 ParOldGen       total 545280K, used 469374K [0x0000000080000000, 0x00000000a1480000, 0x00000000d5580000)
  object space 545280K, 86% used [0x0000000080000000,0x000000009ca5f9d8,0x00000000a1480000)
 Metaspace       used 86599K, committed 88448K, reserved 1179648K
  class space    used 8839K, committed 9600K, reserved 1048576K
}
Event: 6985.752 GC heap after
{Heap after GC invocations=1414 (full 4):
 PSYoungGen      total 3584K, used 512K [0x00000000d5580000, 0x00000000d5a00000, 0x0000000100000000)
  eden space 2560K, 0% used [0x00000000d5580000,0x00000000d5580000,0x00000000d5800000)
  from space 1024K, 50% used [0x00000000d5900000,0x00000000d59800f0,0x00000000d5a00000)
  to   space 1024K, 0% used [0x00000000d5800000,0x00000000d5800000,0x00000000d5900000)
 ParOldGen       total 545280K, used 469818K [0x0000000080000000, 0x00000000a1480000, 0x00000000d5580000)
  object space 545280K, 86% used [0x0000000080000000,0x000000009cace9e8,0x00000000a1480000)
 Metaspace       used 86599K, committed 88448K, reserved 1179648K
  class space    used 8839K, committed 9600K, reserved 1048576K
}
Event: 6985.794 GC heap before
{Heap before GC invocations=1415 (full 4):
 PSYoungGen      total 3584K, used 3069K [0x00000000d5580000, 0x00000000d5a00000, 0x0000000100000000)
  eden space 2560K, 99% used [0x00000000d5580000,0x00000000d57ff368,0x00000000d5800000)
  from space 1024K, 50% used [0x00000000d5900000,0x00000000d59800f0,0x00000000d5a00000)
  to   space 1024K, 0% used [0x00000000d5800000,0x00000000d5800000,0x00000000d5900000)
 ParOldGen       total 545280K, used 469818K [0x0000000080000000, 0x00000000a1480000, 0x00000000d5580000)
  object space 545280K, 86% used [0x0000000080000000,0x000000009cace9e8,0x00000000a1480000)
 Metaspace       used 86943K, committed 88768K, reserved 1179648K
  class space    used 8865K, committed 9600K, reserved 1048576K
}
Event: 6985.795 GC heap after
{Heap after GC invocations=1415 (full 4):
 PSYoungGen      total 3584K, used 320K [0x00000000d5580000, 0x00000000d5980000, 0x0000000100000000)
  eden space 2560K, 0% used [0x00000000d5580000,0x00000000d5580000,0x00000000d5800000)
  from space 1024K, 31% used [0x00000000d5800000,0x00000000d5850000,0x00000000d5900000)
  to   space 512K, 0% used [0x00000000d5900000,0x00000000d5900000,0x00000000d5980000)
 ParOldGen       total 545280K, used 470063K [0x0000000080000000, 0x00000000a1480000, 0x00000000d5580000)
  object space 545280K, 86% used [0x0000000080000000,0x000000009cb0bc80,0x00000000a1480000)
 Metaspace       used 86943K, committed 88768K, reserved 1179648K
  class space    used 8865K, committed 9600K, reserved 1048576K
}

